

================================================================
== Vivado HLS Report for 'hls_fp_accumulator'
================================================================
* Date:           Fri Dec 25 14:06:26 2020

* Version:        2019.2 (Build 2704478 on Wed Nov 06 22:10:23 MST 2019)
* Project:        FP_accum
* Solution:       solution1
* Product family: zynq
* Target device:  xc7z020-clg484-1


================================================================
== Performance Estimates
================================================================
+ Timing: 
    * Summary: 
    +--------+----------+----------+------------+
    |  Clock |  Target  | Estimated| Uncertainty|
    +--------+----------+----------+------------+
    |ap_clk  | 10.00 ns | 7.256 ns |   1.25 ns  |
    +--------+----------+----------+------------+

+ Latency: 
    * Summary: 
    +---------+---------+----------+----------+-----+-----+---------+
    |  Latency (cycles) |  Latency (absolute) |  Interval | Pipeline|
    |   min   |   max   |    min   |    max   | min | max |   Type  |
    +---------+---------+----------+----------+-----+-----+---------+
    |      897|      897| 8.970 us | 8.970 us |  897|  897|   none  |
    +---------+---------+----------+----------+-----+-----+---------+

    + Detail: 
        * Instance: 
        N/A

        * Loop: 
        +----------+---------+---------+----------+-----------+-----------+------+----------+
        |          |  Latency (cycles) | Iteration|  Initiation Interval  | Trip |          |
        | Loop Name|   min   |   max   |  Latency |  achieved |   target  | Count| Pipelined|
        +----------+---------+---------+----------+-----------+-----------+------+----------+
        |- L1      |      896|      896|         7|          -|          -|   128|    no    |
        +----------+---------+---------+----------+-----------+-----------+------+----------+



================================================================
== Utilization Estimates
================================================================
* Summary: 
+-----------------+---------+-------+--------+-------+-----+
|       Name      | BRAM_18K| DSP48E|   FF   |  LUT  | URAM|
+-----------------+---------+-------+--------+-------+-----+
|DSP              |        -|      -|       -|      -|    -|
|Expression       |        -|      -|       0|     28|    -|
|FIFO             |        -|      -|       -|      -|    -|
|Instance         |        2|      2|     353|    564|    -|
|Memory           |        -|      -|       -|      -|    -|
|Multiplexer      |        -|      -|       -|     62|    -|
|Register         |        -|      -|      88|      -|    -|
+-----------------+---------+-------+--------+-------+-----+
|Total            |        2|      2|     441|    654|    0|
+-----------------+---------+-------+--------+-------+-----+
|Available        |      280|    220|  106400|  53200|    0|
+-----------------+---------+-------+--------+-------+-----+
|Utilization (%)  |    ~0   |   ~0  |   ~0   |      1|    0|
+-----------------+---------+-------+--------+-------+-----+

+ Detail: 
    * Instance: 
    +-------------------------------------+-----------------------------------+---------+-------+-----+-----+-----+
    |               Instance              |               Module              | BRAM_18K| DSP48E|  FF | LUT | URAM|
    +-------------------------------------+-----------------------------------+---------+-------+-----+-----+-----+
    |hls_fp_accumulatobkb_U1              |hls_fp_accumulatobkb               |        0|      2|  205|  390|    0|
    |hls_fp_accumulator_AXILiteS_s_axi_U  |hls_fp_accumulator_AXILiteS_s_axi  |        2|      0|  148|  174|    0|
    +-------------------------------------+-----------------------------------+---------+-------+-----+-----+-----+
    |Total                                |                                   |        2|      2|  353|  564|    0|
    +-------------------------------------+-----------------------------------+---------+-------+-----+-----+-----+

    * DSP48E: 
    N/A

    * Memory: 
    N/A

    * FIFO: 
    N/A

    * Expression: 
    +--------------------+----------+-------+---+----+------------+------------+
    |    Variable Name   | Operation| DSP48E| FF| LUT| Bitwidth P0| Bitwidth P1|
    +--------------------+----------+-------+---+----+------------+------------+
    |x_fu_89_p2          |     +    |      0|  0|  15|           8|           1|
    |icmp_ln47_fu_83_p2  |   icmp   |      0|  0|  13|           8|           9|
    +--------------------+----------+-------+---+----+------------+------------+
    |Total               |          |      0|  0|  28|          16|          10|
    +--------------------+----------+-------+---+----+------------+------------+

    * Multiplexer: 
    +-----------------+----+-----------+-----+-----------+
    |       Name      | LUT| Input Size| Bits| Total Bits|
    +-----------------+----+-----------+-----+-----------+
    |ap_NS_fsm        |  44|          9|    1|          9|
    |result_0_reg_55  |   9|          2|   32|         64|
    |x_0_reg_67       |   9|          2|    8|         16|
    +-----------------+----+-----------+-----+-----------+
    |Total            |  62|         13|   41|         89|
    +-----------------+----+-----------+-----+-----------+

    * Register: 
    +---------------------+----+----+-----+-----------+
    |         Name        | FF | LUT| Bits| Const Bits|
    +---------------------+----+----+-----+-----------+
    |ap_CS_fsm            |   8|   0|    8|          0|
    |result_0_reg_55      |  32|   0|   32|          0|
    |window_load_reg_113  |  32|   0|   32|          0|
    |x_0_reg_67           |   8|   0|    8|          0|
    |x_reg_103            |   8|   0|    8|          0|
    +---------------------+----+----+-----+-----------+
    |Total                |  88|   0|   88|          0|
    +---------------------+----+----+-----+-----------+



================================================================
== Interface
================================================================
* Summary: 
+------------------------+-----+-----+------------+--------------------+--------------+
|        RTL Ports       | Dir | Bits|  Protocol  |    Source Object   |    C Type    |
+------------------------+-----+-----+------------+--------------------+--------------+
|s_axi_AXILiteS_AWVALID  |  in |    1|    s_axi   |      AXILiteS      |     array    |
|s_axi_AXILiteS_AWREADY  | out |    1|    s_axi   |      AXILiteS      |     array    |
|s_axi_AXILiteS_AWADDR   |  in |   10|    s_axi   |      AXILiteS      |     array    |
|s_axi_AXILiteS_WVALID   |  in |    1|    s_axi   |      AXILiteS      |     array    |
|s_axi_AXILiteS_WREADY   | out |    1|    s_axi   |      AXILiteS      |     array    |
|s_axi_AXILiteS_WDATA    |  in |   32|    s_axi   |      AXILiteS      |     array    |
|s_axi_AXILiteS_WSTRB    |  in |    4|    s_axi   |      AXILiteS      |     array    |
|s_axi_AXILiteS_ARVALID  |  in |    1|    s_axi   |      AXILiteS      |     array    |
|s_axi_AXILiteS_ARREADY  | out |    1|    s_axi   |      AXILiteS      |     array    |
|s_axi_AXILiteS_ARADDR   |  in |   10|    s_axi   |      AXILiteS      |     array    |
|s_axi_AXILiteS_RVALID   | out |    1|    s_axi   |      AXILiteS      |     array    |
|s_axi_AXILiteS_RREADY   |  in |    1|    s_axi   |      AXILiteS      |     array    |
|s_axi_AXILiteS_RDATA    | out |   32|    s_axi   |      AXILiteS      |     array    |
|s_axi_AXILiteS_RRESP    | out |    2|    s_axi   |      AXILiteS      |     array    |
|s_axi_AXILiteS_BVALID   | out |    1|    s_axi   |      AXILiteS      |     array    |
|s_axi_AXILiteS_BREADY   |  in |    1|    s_axi   |      AXILiteS      |     array    |
|s_axi_AXILiteS_BRESP    | out |    2|    s_axi   |      AXILiteS      |     array    |
|ap_clk                  |  in |    1| ap_ctrl_hs | hls_fp_accumulator | return value |
|ap_rst_n                |  in |    1| ap_ctrl_hs | hls_fp_accumulator | return value |
|interrupt               | out |    1| ap_ctrl_hs | hls_fp_accumulator | return value |
+------------------------+-----+-----+------------+--------------------+--------------+

